<?xml version="1.0" encoding="UTF-8"?>
<!-- Generated by org.testng.reporters.JUnitReportReporter -->
<testsuite skipped="0" hostname="DESKTOP-RUV174U" name="com.vtiger.tests.LoginTests" tests="3" failures="0" timestamp="2021-06-02T15:15:37 IST" time="19.281" errors="0">
  <testcase name="verifyValidLogin_TC01" time="9.222" classname="com.vtiger.tests.LoginTests"/>
  <system-out/>
  <testcase name="verifyInvalidLogin_TC02" time="5.547" classname="com.vtiger.tests.LoginTests"/>
  <system-out/>
  <testcase name="verifyElementsOnLoginPage_TC03" time="4.512" classname="com.vtiger.tests.LoginTests"/>
  <system-out/>
</testsuite> <!-- com.vtiger.tests.LoginTests -->
