<?xml version="1.0" encoding="UTF-8"?>
<!-- Generated by org.testng.reporters.JUnitReportReporter -->
<testsuite skipped="0" hostname="DESKTOP-RUV174U" name="com.vtiger.tests.LoginTests" tests="1" failures="0" timestamp="2021-06-14T15:51:11 IST" time="8.845" errors="0">
  <testcase name="verifyValidLogin_TC01" time="8.845" classname="com.vtiger.tests.LoginTests"/>
  <system-out/>
</testsuite> <!-- com.vtiger.tests.LoginTests -->
