<?xml version="1.0" encoding="UTF-8"?>
<!-- Generated by org.testng.reporters.JUnitReportReporter -->
<testsuite skipped="0" hostname="DESKTOP-RUV174U" name="com.vtiger.tests.AccountTests" tests="1" failures="0" timestamp="2021-06-20T01:44:03 IST" time="5.845" errors="0">
  <testcase name="verifyCreateNewAccountWithAllFields_TC03" time="5.845" classname="com.vtiger.tests.AccountTests"/>
  <system-out/>
</testsuite> <!-- com.vtiger.tests.AccountTests -->
