<?xml version="1.0" encoding="UTF-8"?>
<!-- Generated by org.testng.reporters.JUnitReportReporter -->
<testsuite skipped="0" hostname="DESKTOP-RUV174U" name="com.vtiger.tests.SampleTest" tests="1" failures="0" timestamp="2021-05-29T13:17:49 IST" time="0.002" errors="0">
  <testcase name="SampleTest1" time="0.002" classname="com.vtiger.tests.SampleTest"/>
  <system-out/>
</testsuite> <!-- com.vtiger.tests.SampleTest -->
