<?xml version="1.0" encoding="UTF-8"?>
<!-- Generated by org.testng.reporters.JUnitReportReporter -->
<testsuite skipped="0" hostname="DESKTOP-RUV174U" name="com.vtiger.tests.AccountTest" tests="3" failures="0" timestamp="2021-06-24T11:07:57 IST" time="10.900" errors="0">
  <testcase name="verifyCreateNewAccountWithMandatoryFields_TC01" time="3.232" classname="com.vtiger.tests.AccountTest"/>
  <system-out/>
  <testcase name="verifyCreateNewAccountWithAllFields_TC02" time="4.788" classname="com.vtiger.tests.AccountTest"/>
  <system-out/>
  <testcase name="verifyAccountSearch_TC03" time="2.880" classname="com.vtiger.tests.AccountTest"/>
  <system-out/>
</testsuite> <!-- com.vtiger.tests.AccountTest -->
