<?xml version="1.0" encoding="UTF-8"?>
<!-- Generated by org.testng.reporters.JUnitReportReporter -->
<testsuite skipped="0" hostname="DESKTOP-RUV174U" name="com.vtiger.tests.CalenderTest" tests="2" failures="0" timestamp="2021-06-10T13:02:03 IST" time="6.673" errors="0">
  <testcase name="verifyCreateNewAppointment_TC02" time="2.926" classname="com.vtiger.tests.CalenderTest"/>
  <system-out/>
  <testcase name="verifyCalendar_TC01" time="3.747" classname="com.vtiger.tests.CalenderTest"/>
  <system-out/>
</testsuite> <!-- com.vtiger.tests.CalenderTest -->
