<?xml version="1.0" encoding="UTF-8"?>
<!-- Generated by org.testng.reporters.JUnitReportReporter -->
<testsuite skipped="0" hostname="DESKTOP-RUV174U" name="com.vtiger.tests.PotentialTest" tests="4" failures="0" timestamp="2021-06-24T11:06:33 IST" time="14.253" errors="0">
  <testcase name="verifyCreateNewPotential_TC01" time="5.584" classname="com.vtiger.tests.PotentialTest"/>
  <system-out/>
  <testcase name="verifyEditPotential_TC02" time="6.145" classname="com.vtiger.tests.PotentialTest"/>
  <system-out/>
  <testcase name="verifyDuplicatePotential_TC03" time="2.111" classname="com.vtiger.tests.PotentialTest"/>
  <system-out/>
  <testcase name="verifyDeletePotential_TC04" time="0.413" classname="com.vtiger.tests.PotentialTest"/>
  <system-out/>
</testsuite> <!-- com.vtiger.tests.PotentialTest -->
