<?xml version="1.0" encoding="UTF-8"?>
<!-- Generated by org.testng.reporters.JUnitReportReporter -->
<testsuite skipped="0" hostname="DESKTOP-RUV174U" name="com.vtiger.tests.ContactsTest" tests="2" failures="0" timestamp="2021-06-24T11:06:33 IST" time="12.492" errors="0">
  <testcase name="CreateNewContact_TC01" time="7.833" classname="com.vtiger.tests.ContactsTest"/>
  <system-out/>
  <testcase name="ContactSearchAndDelete_TC02" time="4.659" classname="com.vtiger.tests.ContactsTest"/>
  <system-out/>
</testsuite> <!-- com.vtiger.tests.ContactsTest -->
