<?xml version="1.0" encoding="UTF-8"?>
<!-- Generated by org.testng.reporters.JUnitReportReporter -->
<testsuite skipped="0" hostname="DESKTOP-RUV174U" name="com.vtiger.tests.PotentialTests" tests="4" failures="0" timestamp="2021-06-21T23:52:31 IST" time="21.528" errors="0">
  <testcase name="verifyCreateNewPotential_TC01" time="7.157" classname="com.vtiger.tests.PotentialTests"/>
  <system-out/>
  <testcase name="verifyEditPotential_TC02" time="8.930" classname="com.vtiger.tests.PotentialTests"/>
  <system-out/>
  <testcase name="verifyDuplicatePotential_TC03" time="4.318" classname="com.vtiger.tests.PotentialTests"/>
  <system-out/>
  <testcase name="verifyDeletePotential_TC04" time="1.123" classname="com.vtiger.tests.PotentialTests"/>
  <system-out/>
</testsuite> <!-- com.vtiger.tests.PotentialTests -->
