<?xml version="1.0" encoding="UTF-8"?>
<!-- Generated by org.testng.reporters.JUnitReportReporter -->
<testsuite skipped="0" hostname="DESKTOP-RUV174U" name="com.vtiger.tests.RSSTests" tests="3" failures="0" timestamp="2021-06-20T03:21:38 IST" time="4.095" errors="0">
  <testcase name="VerifyRSSHomePage_TC01" time="1.023" classname="com.vtiger.tests.RSSTests"/>
  <system-out/>
  <testcase name="VerifyRSSLinksPresentOnPage_TC02" time="0.663" classname="com.vtiger.tests.RSSTests"/>
  <system-out/>
  <testcase name="VerifyAddRSSFeed_TC02" time="2.409" classname="com.vtiger.tests.RSSTests"/>
  <system-out/>
</testsuite> <!-- com.vtiger.tests.RSSTests -->
