<?xml version="1.0" encoding="UTF-8"?>
<!-- Generated by org.testng.reporters.JUnitReportReporter -->
<testsuite hostname="DESKTOP-RUV174U" failures="0" tests="1" name="com.vtiger.tests.PotentialTest" time="34.214" errors="0" timestamp="2021-08-06T20:19:20 IST" skipped="0">
  <testcase classname="com.vtiger.tests.PotentialTest" name="verifyDeletePotential_TC04" time="34.214"/>
  <system-out/>
</testsuite> <!-- com.vtiger.tests.PotentialTest -->
