<?xml version="1.0" encoding="UTF-8"?>
<!-- Generated by org.testng.reporters.JUnitReportReporter -->
<testsuite skipped="0" hostname="DESKTOP-RUV174U" name="com.vtiger.tests.AccountTests" tests="3" failures="0" timestamp="2021-06-10T13:02:03 IST" time="8.860" errors="0">
  <testcase name="verifySubMenu_TC02" time="2.447" classname="com.vtiger.tests.AccountTests"/>
  <system-out/>
  <testcase name="verifyCreateNewAccountWithMandatoryFields_TC03" time="2.568" classname="com.vtiger.tests.AccountTests"/>
  <system-out/>
  <testcase name="verifyCreateNewAccountWithAllFields_TC03" time="3.845" classname="com.vtiger.tests.AccountTests"/>
  <system-out/>
</testsuite> <!-- com.vtiger.tests.AccountTests -->
