<?xml version="1.0" encoding="UTF-8"?>
<!-- Generated by org.testng.reporters.JUnitReportReporter -->
<testsuite skipped="0" hostname="DESKTOP-RUV174U" name="com.vtiger.tests.RSSTest" tests="3" failures="0" timestamp="2021-06-24T11:06:33 IST" time="4.024" errors="0">
  <testcase name="VerifyRSSHomePage_TC01" time="1.104" classname="com.vtiger.tests.RSSTest"/>
  <system-out/>
  <testcase name="VerifyRSSLinksPresentOnPage_TC02" time="0.508" classname="com.vtiger.tests.RSSTest"/>
  <system-out/>
  <testcase name="VerifyAddRSSFeed_TC02" time="2.412" classname="com.vtiger.tests.RSSTest"/>
  <system-out/>
</testsuite> <!-- com.vtiger.tests.RSSTest -->
