<?xml version="1.0" encoding="UTF-8"?>
<!-- Generated by org.testng.reporters.JUnitReportReporter -->
<testsuite skipped="0" hostname="DESKTOP-RUV174U" name="com.vtiger.tests.LeadTest" tests="5" failures="0" timestamp="2021-06-24T11:06:33 IST" time="16.370" errors="0">
  <testcase name="verifyLeadwithmandatoryfields_TC01" time="2.933" classname="com.vtiger.tests.LeadTest"/>
  <system-out/>
  <testcase name="verifyLeadwithAllFields_TC02" time="4.948" classname="com.vtiger.tests.LeadTest"/>
  <system-out/>
  <testcase name="verifydeleteLead_TC03" time="3.989" classname="com.vtiger.tests.LeadTest"/>
  <system-out/>
  <testcase name="verifychangeLeadStatus_TC04" time="1.073" classname="com.vtiger.tests.LeadTest"/>
  <system-out/>
  <testcase name="verifysearchLead_TC05" time="3.427" classname="com.vtiger.tests.LeadTest"/>
  <system-out/>
</testsuite> <!-- com.vtiger.tests.LeadTest -->
