<?xml version="1.0" encoding="UTF-8"?>
<!-- Generated by org.testng.reporters.JUnitReportReporter -->
<testsuite skipped="0" hostname="DESKTOP-RUV174U" name="com.vtiger.tests.LeadTests" tests="5" failures="0" timestamp="2021-06-11T10:49:33 IST" time="17.455" errors="0">
  <testcase name="verifyLeadwithmandatoryfields_TC01" time="3.505" classname="com.vtiger.tests.LeadTests"/>
  <system-out/>
  <testcase name="verifyLeadwithAllFields_TC02" time="4.919" classname="com.vtiger.tests.LeadTests"/>
  <system-out/>
  <testcase name="verifydeleteLead_TC03" time="4.404" classname="com.vtiger.tests.LeadTests"/>
  <system-out/>
  <testcase name="verifychangeLeadStatus_TC04" time="1.061" classname="com.vtiger.tests.LeadTests"/>
  <system-out/>
  <testcase name="verifysearchLead_TC05" time="3.566" classname="com.vtiger.tests.LeadTests"/>
  <system-out/>
</testsuite> <!-- com.vtiger.tests.LeadTests -->
