<?xml version="1.0" encoding="UTF-8"?>
<!-- Generated by org.testng.reporters.JUnitReportReporter -->
<testsuite skipped="0" hostname="DESKTOP-RUV174U" name="com.vtiger.tests.ContactsTests" tests="2" failures="0" timestamp="2021-06-21T23:52:31 IST" time="17.746" errors="0">
  <testcase name="ContactSearchAndDelete_TC02" time="8.138" classname="com.vtiger.tests.ContactsTests"/>
  <system-out/>
  <testcase name="CreateNewContact_TC01" time="9.608" classname="com.vtiger.tests.ContactsTests"/>
  <system-out/>
</testsuite> <!-- com.vtiger.tests.ContactsTests -->
