<?xml version="1.0" encoding="UTF-8"?>
<!-- Generated by org.testng.reporters.JUnitReportReporter -->
<testsuite skipped="0" hostname="DESKTOP-RUV174U" name="com.vtiger.tests.ActivitiesTests" tests="4" failures="0" timestamp="2021-06-10T13:02:03 IST" time="11.672" errors="0">
  <testcase name="verifyNewEvent_TC01" time="2.561" classname="com.vtiger.tests.ActivitiesTests"/>
  <system-out/>
  <testcase name="verifySearchActivities_TC02" time="3.323" classname="com.vtiger.tests.ActivitiesTests"/>
  <system-out/>
  <testcase name="DeleteActivities_TC03" time="3.470" classname="com.vtiger.tests.ActivitiesTests"/>
  <system-out/>
  <testcase name="verifyDuplicateOfActivity_TC04" time="2.318" classname="com.vtiger.tests.ActivitiesTests"/>
  <system-out/>
</testsuite> <!-- com.vtiger.tests.ActivitiesTests -->
