<?xml version="1.0" encoding="UTF-8"?>
<!-- Generated by org.testng.reporters.JUnitReportReporter -->
<testsuite hostname="DESKTOP-RUV174U" failures="0" tests="1" name="com.vtiger.tests.NotesTest" time="5.413" errors="0" timestamp="2021-08-06T21:13:10 IST" skipped="0">
  <testcase classname="com.vtiger.tests.NotesTest" name="verifyCreateNewNote_TC01" time="5.413"/>
  <system-out/>
</testsuite> <!-- com.vtiger.tests.NotesTest -->
