<?xml version="1.0" encoding="UTF-8"?>
<!-- Generated by org.testng.reporters.JUnitReportReporter -->
<testsuite skipped="0" hostname="DESKTOP-RUV174U" name="com.vtiger.tests.AccountTests" tests="3" failures="0" timestamp="2021-06-21T23:52:31 IST" time="14.646" errors="0">
  <testcase name="verifyCreateNewAccountWithMandatoryFields_TC01" time="4.205" classname="com.vtiger.tests.AccountTests"/>
  <system-out/>
  <testcase name="verifyCreateNewAccountWithAllFields_TC02" time="6.643" classname="com.vtiger.tests.AccountTests"/>
  <system-out/>
  <testcase name="verifyAccountSearch_TC03" time="3.798" classname="com.vtiger.tests.AccountTests"/>
  <system-out/>
</testsuite> <!-- com.vtiger.tests.AccountTests -->
