<?xml version="1.0" encoding="UTF-8"?>
<!-- Generated by org.testng.reporters.JUnitReportReporter -->
<testsuite skipped="0" hostname="DESKTOP-RUV174U" name="com.vtiger.tests.ContactsTests" tests="1" failures="0" timestamp="2021-06-20T01:21:49 IST" time="4.911" errors="0">
  <testcase name="ContactSearchAndDelete_TC02" time="4.911" classname="com.vtiger.tests.ContactsTests"/>
  <system-out/>
</testsuite> <!-- com.vtiger.tests.ContactsTests -->
