<?xml version="1.0" encoding="UTF-8"?>
<!-- Generated by org.testng.reporters.JUnitReportReporter -->
<testsuite skipped="0" hostname="DESKTOP-RUV174U" name="com.vtiger.tests.ActivitiesTests" tests="1" failures="0" timestamp="2021-06-06T19:04:50 IST" time="4.990" errors="0">
  <testcase name="DeleteActivities_TC03" time="4.990" classname="com.vtiger.tests.ActivitiesTests"/>
  <system-out/>
</testsuite> <!-- com.vtiger.tests.ActivitiesTests -->
