<?xml version="1.0" encoding="UTF-8"?>
<!-- Generated by org.testng.reporters.JUnitReportReporter -->
<testsuite skipped="0" hostname="DESKTOP-RUV174U" name="com.vtiger.tests.LoginTests" tests="2" failures="0" timestamp="2021-06-11T11:34:02 IST" time="11.498" errors="0">
  <testcase name="verifyValidLogin_TC01" time="7.050" classname="com.vtiger.tests.LoginTests"/>
  <system-out/>
  <testcase name="verifyInvalidLogin_TC02" time="4.448" classname="com.vtiger.tests.LoginTests"/>
  <system-out/>
</testsuite> <!-- com.vtiger.tests.LoginTests -->
