<?xml version="1.0" encoding="UTF-8"?>
<!-- Generated by org.testng.reporters.JUnitReportReporter -->
<testsuite skipped="0" hostname="DESKTOP-RUV174U" name="com.vtiger.tests.ActivitiesTest" tests="5" failures="0" timestamp="2021-06-24T11:06:33 IST" time="26.609" errors="0">
  <testcase name="verifyNewEvent_TC01" time="2.859" classname="com.vtiger.tests.ActivitiesTest"/>
  <system-out/>
  <testcase name="verifySearchActivities_TC02" time="4.124" classname="com.vtiger.tests.ActivitiesTest"/>
  <system-out/>
  <testcase name="DeleteActivities_TC03" time="4.265" classname="com.vtiger.tests.ActivitiesTest"/>
  <system-out/>
  <testcase name="verifyDuplicateOfActivity_TC04" time="3.143" classname="com.vtiger.tests.ActivitiesTest"/>
  <system-out/>
  <testcase name="verifyEditActivity_TC05" time="12.218" classname="com.vtiger.tests.ActivitiesTest"/>
  <system-out/>
</testsuite> <!-- com.vtiger.tests.ActivitiesTest -->
