<?xml version="1.0" encoding="UTF-8"?>
<!-- Generated by org.testng.reporters.JUnitReportReporter -->
<testsuite skipped="0" hostname="DESKTOP-RUV174U" name="com.vtiger.tests.ActivitiesTests" tests="5" failures="0" timestamp="2021-06-18T22:54:37 IST" time="26.486" errors="0">
  <testcase name="verifyNewEvent_TC01" time="2.994" classname="com.vtiger.tests.ActivitiesTests"/>
  <system-out/>
  <testcase name="verifySearchActivities_TC02" time="3.960" classname="com.vtiger.tests.ActivitiesTests"/>
  <system-out/>
  <testcase name="DeleteActivities_TC03" time="4.122" classname="com.vtiger.tests.ActivitiesTests"/>
  <system-out/>
  <testcase name="verifyDuplicateOfActivity_TC04" time="3.151" classname="com.vtiger.tests.ActivitiesTests"/>
  <system-out/>
  <testcase name="verifyEditActivity_TC05" time="12.259" classname="com.vtiger.tests.ActivitiesTests"/>
  <system-out/>
</testsuite> <!-- com.vtiger.tests.ActivitiesTests -->
