<?xml version="1.0" encoding="UTF-8"?>
<!-- Generated by org.testng.reporters.JUnitReportReporter -->
<testsuite skipped="0" hostname="DESKTOP-RUV174U" name="com.vtiger.tests.PotentialTests" tests="1" failures="0" timestamp="2021-06-20T04:30:43 IST" time="5.765" errors="0">
  <testcase name="verifyCreateNewPotential_TC01" time="5.765" classname="com.vtiger.tests.PotentialTests"/>
  <system-out/>
</testsuite> <!-- com.vtiger.tests.PotentialTests -->
