<?xml version="1.0" encoding="UTF-8"?>
<!-- Generated by org.testng.reporters.JUnitReportReporter -->
<testsuite skipped="0" hostname="DESKTOP-RUV174U" name="com.vtiger.tests.CalenderTest" tests="2" failures="0" timestamp="2021-06-14T16:42:41 IST" time="7.350" errors="0">
  <testcase name="verifyCreateNewAppointmentfromCalender_TC02" time="3.215" classname="com.vtiger.tests.CalenderTest"/>
  <system-out/>
  <testcase name="verifyCalendar_TC01" time="4.135" classname="com.vtiger.tests.CalenderTest"/>
  <system-out/>
</testsuite> <!-- com.vtiger.tests.CalenderTest -->
