<?xml version="1.0" encoding="UTF-8"?>
<!-- Generated by org.testng.reporters.JUnitReportReporter -->
<testsuite skipped="0" hostname="DESKTOP-RUV174U" name="com.vtiger.tests.RSSTests" tests="3" failures="0" timestamp="2021-06-21T23:52:31 IST" time="5.277" errors="0">
  <testcase name="VerifyRSSHomePage_TC01" time="1.532" classname="com.vtiger.tests.RSSTests"/>
  <system-out/>
  <testcase name="VerifyRSSLinksPresentOnPage_TC02" time="0.852" classname="com.vtiger.tests.RSSTests"/>
  <system-out/>
  <testcase name="VerifyAddRSSFeed_TC02" time="2.893" classname="com.vtiger.tests.RSSTests"/>
  <system-out/>
</testsuite> <!-- com.vtiger.tests.RSSTests -->
