<?xml version="1.0" encoding="UTF-8"?>
<!-- Generated by org.testng.reporters.JUnitReportReporter -->
<testsuite skipped="0" hostname="DESKTOP-RUV174U" name="com.vtiger.tests.CalenderTest" tests="2" failures="0" timestamp="2021-06-06T18:44:22 IST" time="7.866" errors="0">
  <testcase name="verifyCreateNewAppointment_TC02" time="3.811" classname="com.vtiger.tests.CalenderTest"/>
  <system-out/>
  <testcase name="verifyCalendar_TC01" time="4.055" classname="com.vtiger.tests.CalenderTest"/>
  <system-out/>
</testsuite> <!-- com.vtiger.tests.CalenderTest -->
