<?xml version="1.0" encoding="UTF-8"?>
<!-- Generated by org.testng.reporters.JUnitReportReporter -->
<testsuite skipped="0" hostname="DESKTOP-RUV174U" name="com.vtiger.tests.ActivitiesTests" tests="5" failures="0" timestamp="2021-06-21T23:52:31 IST" time="36.890" errors="0">
  <testcase name="verifyNewEvent_TC01" time="4.528" classname="com.vtiger.tests.ActivitiesTests"/>
  <system-out/>
  <testcase name="verifySearchActivities_TC02" time="6.767" classname="com.vtiger.tests.ActivitiesTests"/>
  <system-out/>
  <testcase name="DeleteActivities_TC03" time="7.366" classname="com.vtiger.tests.ActivitiesTests"/>
  <system-out/>
  <testcase name="verifyDuplicateOfActivity_TC04" time="4.610" classname="com.vtiger.tests.ActivitiesTests"/>
  <system-out/>
  <testcase name="verifyEditActivity_TC05" time="13.619" classname="com.vtiger.tests.ActivitiesTests"/>
  <system-out/>
</testsuite> <!-- com.vtiger.tests.ActivitiesTests -->
