<?xml version="1.0" encoding="UTF-8"?>
<!-- Generated by org.testng.reporters.JUnitReportReporter -->
<testsuite skipped="0" hostname="DESKTOP-RUV174U" name="com.vtiger.tests.ActivitiesTests" tests="5" failures="0" timestamp="2021-06-20T01:21:49 IST" time="27.866" errors="0">
  <testcase name="verifyNewEvent_TC01" time="2.755" classname="com.vtiger.tests.ActivitiesTests"/>
  <system-out/>
  <testcase name="verifySearchActivities_TC02" time="3.834" classname="com.vtiger.tests.ActivitiesTests"/>
  <system-out/>
  <testcase name="DeleteActivities_TC03" time="4.226" classname="com.vtiger.tests.ActivitiesTests"/>
  <system-out/>
  <testcase name="verifyDuplicateOfActivity_TC04" time="2.967" classname="com.vtiger.tests.ActivitiesTests"/>
  <system-out/>
  <testcase name="verifyEditActivity_TC05" time="14.084" classname="com.vtiger.tests.ActivitiesTests"/>
  <system-out/>
</testsuite> <!-- com.vtiger.tests.ActivitiesTests -->
