<?xml version="1.0" encoding="UTF-8"?>
<!-- Generated by org.testng.reporters.JUnitReportReporter -->
<testsuite skipped="0" hostname="DESKTOP-RUV174U" name="com.vtiger.tests.CalenderTest" tests="2" failures="0" timestamp="2021-06-23T13:17:07 IST" time="8.347" errors="0">
  <testcase name="verifyCalendar_TC01" time="4.661" classname="com.vtiger.tests.CalenderTest"/>
  <system-out/>
  <testcase name="verifyCreateNewAppointmentfromCalender_TC02" time="3.686" classname="com.vtiger.tests.CalenderTest"/>
  <system-out/>
</testsuite> <!-- com.vtiger.tests.CalenderTest -->
